[07:12:13]
Número de celular inválido
URL: https://www.travesticomlocal.com.br/acompanhante/patricia-silva/
Cellphone: 
==========================================

[07:12:13]
Celular inválido
URL: https://www.travesticomlocal.com.br/acompanhante/patricia-silva/
==========================================

[07:12:14]
Número de celular inválido
URL: https://www.travesticomlocal.com.br/acompanhante/patricia-silva/
Cellphone: 
==========================================

[07:12:14]
Celular inválido
URL: https://www.travesticomlocal.com.br/acompanhante/patricia-silva/
==========================================

[07:12:14]
Número de celular inválido
URL: https://www.travesticomlocal.com.br/acompanhante/patricia-silva/
Cellphone: 
==========================================

[07:12:14]
Celular inválido
URL: https://www.travesticomlocal.com.br/acompanhante/patricia-silva/
==========================================

[07:12:15]
Número de celular inválido
URL: https://www.travesticomlocal.com.br/acompanhante/patricia-silva/
Cellphone: 
==========================================

[07:12:15]
Celular inválido
URL: https://www.travesticomlocal.com.br/acompanhante/patricia-silva/
==========================================

[07:12:15]
Número de celular inválido
URL: https://www.travesticomlocal.com.br/acompanhante/patricia-silva/
Cellphone: 
==========================================

[07:12:15]
Celular inválido
URL: https://www.travesticomlocal.com.br/acompanhante/patricia-silva/
==========================================

[07:12:16]
Número de celular inválido
URL: https://www.travesticomlocal.com.br/acompanhante/patricia-silva/
Cellphone: 
==========================================

[07:12:16]
Celular inválido
URL: https://www.travesticomlocal.com.br/acompanhante/patricia-silva/
==========================================

[07:12:16]
Número de celular inválido
URL: https://www.travesticomlocal.com.br/acompanhante/patricia-silva/
Cellphone: 
==========================================

[07:12:16]
Celular inválido
URL: https://www.travesticomlocal.com.br/acompanhante/patricia-silva/
==========================================

[07:12:17]
Número de celular inválido
URL: https://www.travesticomlocal.com.br/acompanhante/patricia-silva/
Cellphone: 
==========================================

[07:12:17]
Celular inválido
URL: https://www.travesticomlocal.com.br/acompanhante/patricia-silva/
==========================================

[07:12:17]
Número de celular inválido
URL: https://www.travesticomlocal.com.br/acompanhante/patricia-silva/
Cellphone: 
==========================================

[07:12:17]
Celular inválido
URL: https://www.travesticomlocal.com.br/acompanhante/patricia-silva/
==========================================

[07:12:18]
Número de celular inválido
URL: https://www.travesticomlocal.com.br/acompanhante/patricia-silva/
Cellphone: 
==========================================

[07:12:18]
Celular inválido
URL: https://www.travesticomlocal.com.br/acompanhante/patricia-silva/
==========================================

[07:12:18]
Número de celular inválido
URL: https://www.travesticomlocal.com.br/acompanhante/patricia-silva/
Cellphone: 
==========================================

[07:12:18]
Celular inválido
URL: https://www.travesticomlocal.com.br/acompanhante/patricia-silva/
==========================================

